<?xml version="1.0" encoding="UTF-8"?>
<testsuite name="LinkedListTest" tests="2" skipped="0" failures="0" errors="0" timestamp="2021-07-01T09:07:23" hostname="recurjun" time="0.161">
  <properties/>
  <testcase name="newLinkedList()" classname="LinkedListTest" time="0.124"/>
  <testcase name="listSize()" classname="LinkedListTest" time="0.017"/>
  <system-out><![CDATA[]]></system-out>
  <system-err><![CDATA[]]></system-err>
</testsuite>
